This file contains any messages produced by compilers while
running configure, to aid debugging if configure makes a mistake.

It was created by sqlite configure 3.8.3, which was
generated by GNU Autoconf 2.69.  Invocation command line was

  $ ./configure LD=/opt/toolchains/crosstools-arm-gcc-5.5-linux-4.1-glibc-2.26-binutils-2.28.1/usr/bin/arm-buildroot-linux-gnueabi-ld --host=arm-buildroot-linux-gnueabi --prefix=/usr --enable-static --disable-readline --disable-dynamic-extensions --enable-threadsafe --disable-dependency-tracking host_alias=arm-buildroot-linux-gnueabi CC=/opt/toolchains/crosstools-arm-gcc-5.5-linux-4.1-glibc-2.26-binutils-2.28.1/usr/bin/arm-buildroot-linux-gnueabi-gcc CFLAGS=-Os -march=armv7-a -marm -DHND_ROUTER -DCONFIG_BCMWL5 -D__ARM_ARCH_7A__ -DLINUX_KERNEL_VERSION=262451  -DDEBUG_NOISY -DDEBUG_RCTEST -ffunction-sections -fdata-sections -fPIC LDFLAGS=-ffunction-sections -fdata-sections -Wl,--gc-sections -lpthread -ldl CPP=/opt/toolchains/crosstools-arm-gcc-5.5-linux-4.1-glibc-2.26-binutils-2.28.1/usr/bin/arm-buildroot-linux-gnueabi-cpp --no-create --no-recursion

## --------- ##
## Platform. ##
## --------- ##

hostname = ubuntu-dev
uname -m = x86_64
uname -r = 4.15.0-36-generic
uname -s = Linux
uname -v = #39-Ubuntu SMP Mon Sep 24 16:19:09 UTC 2018

/usr/bin/uname -p = unknown
/bin/uname -X     = unknown

/bin/arch              = unknown
/usr/bin/arch -k       = unknown
/usr/convex/getsysinfo = unknown
/usr/bin/hostinfo      = unknown
/bin/machine           = unknown
/usr/bin/oslevel       = unknown
/bin/universe          = unknown

PATH: /home/merlin/amng-ax-build/release/tools
PATH: /home/merlin/amng-ax-build/release/src-rt-5.02axhnd/bcmdrivers/broadcom/net/wl/bcm94908/main/src/ctools
PATH: /home/merlin/amng-ax-build/release/tools
PATH: /home/merlin/amng-ax-build/release/src-rt-5.02axhnd/bcmdrivers/broadcom/net/wl/bcm94908/main/src/ctools
PATH: /home/merlin/amng-ax-build/release/tools
PATH: /home/merlin/amng-ax-build/release/src-rt-5.02axhnd/bcmdrivers/broadcom/net/wl/bcm94908/main/src/ctools
PATH: /home/merlin/amng-ax-build/release/tools
PATH: /home/merlin/amng-ax-build/release/src-rt-5.02axhnd/bcmdrivers/broadcom/net/wl/bcm94908/main/src/ctools
PATH: /home/merlin/amng-ax-build/release/tools
PATH: /home/merlin/amng-ax-build/release/src-rt-5.02axhnd/bcmdrivers/broadcom/net/wl/bcm94908/main/src/ctools
PATH: /usr/local/sbin
PATH: /usr/local/bin
PATH: /usr/sbin
PATH: /usr/bin
PATH: /sbin
PATH: /bin
PATH: /usr/games
PATH: /usr/local/games
PATH: /snap/bin
PATH: /opt/brcm/hndtools-mipsel-linux/bin
PATH: /opt/brcm/hndtools-mipsel-uclibc/bin
PATH: /opt/brcm-arm/bin
PATH: /opt/toolchains/crosstools-arm-gcc-5.3-linux-4.1-glibc-2.22-binutils-2.25/usr/bin
PATH: /opt/toolchains/crosstools-aarch64-gcc-5.3-linux-4.1-glibc-2.22-binutils-2.25/usr/bin
PATH: /opt/toolchains/crosstools-aarch64-gcc-5.5-linux-4.1-glibc-2.26-binutils-2.28.1/usr/bin


## ----------- ##
## Core tests. ##
## ----------- ##

configure:2241: checking for a BSD-compatible install
configure:2309: result: /usr/bin/install -c
configure:2320: checking whether build environment is sane
configure:2375: result: yes
configure:2434: checking for arm-buildroot-linux-gnueabi-strip
configure:2461: result: /opt/toolchains/crosstools-arm-gcc-5.5-linux-4.1-glibc-2.26-binutils-2.28.1/usr/bin/arm-buildroot-linux-gnueabi-strip
configure:2526: checking for a thread-safe mkdir -p
configure:2565: result: /bin/mkdir -p
configure:2572: checking for gawk
configure:2588: found /usr/bin/gawk
configure:2599: result: gawk
configure:2610: checking whether make sets $(MAKE)
configure:2632: result: yes
configure:2661: checking whether make supports nested variables
configure:2678: result: yes
configure:2817: checking for style of include used by make
configure:2845: result: GNU
configure:2876: checking for arm-buildroot-linux-gnueabi-gcc
configure:2903: result: /opt/toolchains/crosstools-arm-gcc-5.5-linux-4.1-glibc-2.26-binutils-2.28.1/usr/bin/arm-buildroot-linux-gnueabi-gcc
configure:3172: checking for C compiler version
configure:3181: /opt/toolchains/crosstools-arm-gcc-5.5-linux-4.1-glibc-2.26-binutils-2.28.1/usr/bin/arm-buildroot-linux-gnueabi-gcc --version >&5
arm-buildroot-linux-gnueabi-gcc.br_real (Buildroot 2017.11.1) 5.5.0
Copyright (C) 2015 Free Software Foundation, Inc.
This is free software; see the source for copying conditions.  There is NO
warranty; not even for MERCHANTABILITY or FITNESS FOR A PARTICULAR PURPOSE.

configure:3192: $? = 0
configure:3181: /opt/toolchains/crosstools-arm-gcc-5.5-linux-4.1-glibc-2.26-binutils-2.28.1/usr/bin/arm-buildroot-linux-gnueabi-gcc -v >&5
Using built-in specs.
COLLECT_GCC=/home/merlin/am-toolchains/brcm-arm-hnd/crosstools-arm-gcc-5.5-linux-4.1-glibc-2.26-binutils-2.28.1/bin/arm-buildroot-linux-gnueabi-gcc.br_real
COLLECT_LTO_WRAPPER=/home/merlin/am-toolchains/brcm-arm-hnd/crosstools-arm-gcc-5.5-linux-4.1-glibc-2.26-binutils-2.28.1/bin/../libexec/gcc/arm-buildroot-linux-gnueabi/5.5.0/lto-wrapper
Target: arm-buildroot-linux-gnueabi
Configured with: ./configure --prefix=/opt/toolchains/crosstools-arm-gcc-5.5-linux-4.1-glibc-2.26-binutils-2.28.1 --sysconfdir=/opt/toolchains/crosstools-arm-gcc-5.5-linux-4.1-glibc-2.26-binutils-2.28.1/etc --enable-static --target=arm-buildroot-linux-gnueabi --with-sysroot=/opt/toolchains/crosstools-arm-gcc-5.5-linux-4.1-glibc-2.26-binutils-2.28.1/arm-buildroot-linux-gnueabi/sysroot --disable-__cxa_atexit --with-gnu-ld --disable-libssp --disable-multilib --with-gmp=/opt/toolchains/crosstools-arm-gcc-5.5-linux-4.1-glibc-2.26-binutils-2.28.1 --with-mpc=/opt/toolchains/crosstools-arm-gcc-5.5-linux-4.1-glibc-2.26-binutils-2.28.1 --with-mpfr=/opt/toolchains/crosstools-arm-gcc-5.5-linux-4.1-glibc-2.26-binutils-2.28.1 --with-pkgversion='Buildroot 2017.11.1' --with-bugurl=http://bugs.buildroot.net/ --disable-libquadmath --enable-tls --disable-libmudflap --enable-threads --without-isl --without-cloog --with-float=soft --disable-decimal-float --with-abi=aapcs-linux --with-cpu=cortex-a9 --with-float=soft --with-mode=arm --enable-languages=c,c++ --with-build-time-tools=/opt/toolchains/crosstools-arm-gcc-5.5-linux-4.1-glibc-2.26-binutils-2.28.1/arm-buildroot-linux-gnueabi/bin --enable-shared --disable-libgomp
Thread model: posix
gcc version 5.5.0 (Buildroot 2017.11.1) 
configure:3192: $? = 0
configure:3181: /opt/toolchains/crosstools-arm-gcc-5.5-linux-4.1-glibc-2.26-binutils-2.28.1/usr/bin/arm-buildroot-linux-gnueabi-gcc -V >&5
arm-buildroot-linux-gnueabi-gcc.br_real: error: unrecognized command line option '-V'
arm-buildroot-linux-gnueabi-gcc.br_real: fatal error: no input files
compilation terminated.
configure:3192: $? = 1
configure:3181: /opt/toolchains/crosstools-arm-gcc-5.5-linux-4.1-glibc-2.26-binutils-2.28.1/usr/bin/arm-buildroot-linux-gnueabi-gcc -qversion >&5
arm-buildroot-linux-gnueabi-gcc.br_real: error: unrecognized command line option '-qversion'
arm-buildroot-linux-gnueabi-gcc.br_real: fatal error: no input files
compilation terminated.
configure:3192: $? = 1
configure:3212: checking whether the C compiler works
configure:3234: /opt/toolchains/crosstools-arm-gcc-5.5-linux-4.1-glibc-2.26-binutils-2.28.1/usr/bin/arm-buildroot-linux-gnueabi-gcc -Os -march=armv7-a -marm -DHND_ROUTER -DCONFIG_BCMWL5 -D__ARM_ARCH_7A__ -DLINUX_KERNEL_VERSION=262451  -DDEBUG_NOISY -DDEBUG_RCTEST -ffunction-sections -fdata-sections -fPIC  -ffunction-sections -fdata-sections -Wl,--gc-sections -lpthread -ldl conftest.c  >&5
configure:3238: $? = 0
configure:3286: result: yes
configure:3289: checking for C compiler default output file name
configure:3291: result: a.out
configure:3297: checking for suffix of executables
configure:3304: /opt/toolchains/crosstools-arm-gcc-5.5-linux-4.1-glibc-2.26-binutils-2.28.1/usr/bin/arm-buildroot-linux-gnueabi-gcc -o conftest -Os -march=armv7-a -marm -DHND_ROUTER -DCONFIG_BCMWL5 -D__ARM_ARCH_7A__ -DLINUX_KERNEL_VERSION=262451  -DDEBUG_NOISY -DDEBUG_RCTEST -ffunction-sections -fdata-sections -fPIC  -ffunction-sections -fdata-sections -Wl,--gc-sections -lpthread -ldl conftest.c  >&5
configure:3308: $? = 0
configure:3330: result: 
configure:3352: checking whether we are cross compiling
configure:3360: /opt/toolchains/crosstools-arm-gcc-5.5-linux-4.1-glibc-2.26-binutils-2.28.1/usr/bin/arm-buildroot-linux-gnueabi-gcc -o conftest -Os -march=armv7-a -marm -DHND_ROUTER -DCONFIG_BCMWL5 -D__ARM_ARCH_7A__ -DLINUX_KERNEL_VERSION=262451  -DDEBUG_NOISY -DDEBUG_RCTEST -ffunction-sections -fdata-sections -fPIC  -ffunction-sections -fdata-sections -Wl,--gc-sections -lpthread -ldl conftest.c  >&5
configure:3364: $? = 0
configure:3371: ./conftest
/lib/ld-linux.so.3: No such file or directory
configure:3375: $? = 255
configure:3390: result: yes
configure:3395: checking for suffix of object files
configure:3417: /opt/toolchains/crosstools-arm-gcc-5.5-linux-4.1-glibc-2.26-binutils-2.28.1/usr/bin/arm-buildroot-linux-gnueabi-gcc -c -Os -march=armv7-a -marm -DHND_ROUTER -DCONFIG_BCMWL5 -D__ARM_ARCH_7A__ -DLINUX_KERNEL_VERSION=262451  -DDEBUG_NOISY -DDEBUG_RCTEST -ffunction-sections -fdata-sections -fPIC  conftest.c >&5
configure:3421: $? = 0
configure:3442: result: o
configure:3446: checking whether we are using the GNU C compiler
configure:3465: /opt/toolchains/crosstools-arm-gcc-5.5-linux-4.1-glibc-2.26-binutils-2.28.1/usr/bin/arm-buildroot-linux-gnueabi-gcc -c -Os -march=armv7-a -marm -DHND_ROUTER -DCONFIG_BCMWL5 -D__ARM_ARCH_7A__ -DLINUX_KERNEL_VERSION=262451  -DDEBUG_NOISY -DDEBUG_RCTEST -ffunction-sections -fdata-sections -fPIC  conftest.c >&5
configure:3465: $? = 0
configure:3474: result: yes
configure:3483: checking whether /opt/toolchains/crosstools-arm-gcc-5.5-linux-4.1-glibc-2.26-binutils-2.28.1/usr/bin/arm-buildroot-linux-gnueabi-gcc accepts -g
configure:3503: /opt/toolchains/crosstools-arm-gcc-5.5-linux-4.1-glibc-2.26-binutils-2.28.1/usr/bin/arm-buildroot-linux-gnueabi-gcc -c -g  conftest.c >&5
configure:3503: $? = 0
configure:3544: result: yes
configure:3561: checking for /opt/toolchains/crosstools-arm-gcc-5.5-linux-4.1-glibc-2.26-binutils-2.28.1/usr/bin/arm-buildroot-linux-gnueabi-gcc option to accept ISO C89
configure:3624: /opt/toolchains/crosstools-arm-gcc-5.5-linux-4.1-glibc-2.26-binutils-2.28.1/usr/bin/arm-buildroot-linux-gnueabi-gcc  -c -Os -march=armv7-a -marm -DHND_ROUTER -DCONFIG_BCMWL5 -D__ARM_ARCH_7A__ -DLINUX_KERNEL_VERSION=262451  -DDEBUG_NOISY -DDEBUG_RCTEST -ffunction-sections -fdata-sections -fPIC  conftest.c >&5
configure:3624: $? = 0
configure:3637: result: none needed
configure:3662: checking whether /opt/toolchains/crosstools-arm-gcc-5.5-linux-4.1-glibc-2.26-binutils-2.28.1/usr/bin/arm-buildroot-linux-gnueabi-gcc understands -c and -o together
configure:3684: /opt/toolchains/crosstools-arm-gcc-5.5-linux-4.1-glibc-2.26-binutils-2.28.1/usr/bin/arm-buildroot-linux-gnueabi-gcc -c conftest.c -o conftest2.o
configure:3687: $? = 0
configure:3684: /opt/toolchains/crosstools-arm-gcc-5.5-linux-4.1-glibc-2.26-binutils-2.28.1/usr/bin/arm-buildroot-linux-gnueabi-gcc -c conftest.c -o conftest2.o
configure:3687: $? = 0
configure:3699: result: yes
configure:3718: checking dependency style of /opt/toolchains/crosstools-arm-gcc-5.5-linux-4.1-glibc-2.26-binutils-2.28.1/usr/bin/arm-buildroot-linux-gnueabi-gcc
configure:3829: result: none
configure:3852: checking for special C compiler options needed for large files
configure:3897: result: no
configure:3903: checking for _FILE_OFFSET_BITS value needed for large files
configure:3928: /opt/toolchains/crosstools-arm-gcc-5.5-linux-4.1-glibc-2.26-binutils-2.28.1/usr/bin/arm-buildroot-linux-gnueabi-gcc -c -Os -march=armv7-a -marm -DHND_ROUTER -DCONFIG_BCMWL5 -D__ARM_ARCH_7A__ -DLINUX_KERNEL_VERSION=262451  -DDEBUG_NOISY -DDEBUG_RCTEST -ffunction-sections -fdata-sections -fPIC  conftest.c >&5
conftest.c:17:7: error: size of array 'off_t_is_large' is negative
   int off_t_is_large[(LARGE_OFF_T % 2147483629 == 721
       ^
configure:3928: $? = 1
configure: failed program was:
| /* confdefs.h */
| #define PACKAGE_NAME "sqlite"
| #define PACKAGE_TARNAME "sqlite"
| #define PACKAGE_VERSION "3.8.3"
| #define PACKAGE_STRING "sqlite 3.8.3"
| #define PACKAGE_BUGREPORT "http://www.sqlite.org"
| #define PACKAGE_URL ""
| #define PACKAGE "sqlite"
| #define VERSION "3.8.3"
| /* end confdefs.h.  */
| #include <sys/types.h>
|  /* Check that off_t can represent 2**63 - 1 correctly.
|     We can't simply define LARGE_OFF_T to be 9223372036854775807,
|     since some C++ compilers masquerading as C compilers
|     incorrectly reject 9223372036854775807.  */
| #define LARGE_OFF_T ((((off_t) 1 << 31) << 31) - 1 + (((off_t) 1 << 31) << 31))
|   int off_t_is_large[(LARGE_OFF_T % 2147483629 == 721
| 		       && LARGE_OFF_T % 2147483647 == 1)
| 		      ? 1 : -1];
| int
| main ()
| {
| 
|   ;
|   return 0;
| }
configure:3952: /opt/toolchains/crosstools-arm-gcc-5.5-linux-4.1-glibc-2.26-binutils-2.28.1/usr/bin/arm-buildroot-linux-gnueabi-gcc -c -Os -march=armv7-a -marm -DHND_ROUTER -DCONFIG_BCMWL5 -D__ARM_ARCH_7A__ -DLINUX_KERNEL_VERSION=262451  -DDEBUG_NOISY -DDEBUG_RCTEST -ffunction-sections -fdata-sections -fPIC  conftest.c >&5
configure:3952: $? = 0
configure:3960: result: 64
configure:4055: checking for arm-buildroot-linux-gnueabi-gcc
configure:4082: result: /opt/toolchains/crosstools-arm-gcc-5.5-linux-4.1-glibc-2.26-binutils-2.28.1/usr/bin/arm-buildroot-linux-gnueabi-gcc
configure:4351: checking for C compiler version
configure:4360: /opt/toolchains/crosstools-arm-gcc-5.5-linux-4.1-glibc-2.26-binutils-2.28.1/usr/bin/arm-buildroot-linux-gnueabi-gcc --version >&5
arm-buildroot-linux-gnueabi-gcc.br_real (Buildroot 2017.11.1) 5.5.0
Copyright (C) 2015 Free Software Foundation, Inc.
This is free software; see the source for copying conditions.  There is NO
warranty; not even for MERCHANTABILITY or FITNESS FOR A PARTICULAR PURPOSE.

configure:4371: $? = 0
configure:4360: /opt/toolchains/crosstools-arm-gcc-5.5-linux-4.1-glibc-2.26-binutils-2.28.1/usr/bin/arm-buildroot-linux-gnueabi-gcc -v >&5
Using built-in specs.
COLLECT_GCC=/home/merlin/am-toolchains/brcm-arm-hnd/crosstools-arm-gcc-5.5-linux-4.1-glibc-2.26-binutils-2.28.1/bin/arm-buildroot-linux-gnueabi-gcc.br_real
COLLECT_LTO_WRAPPER=/home/merlin/am-toolchains/brcm-arm-hnd/crosstools-arm-gcc-5.5-linux-4.1-glibc-2.26-binutils-2.28.1/bin/../libexec/gcc/arm-buildroot-linux-gnueabi/5.5.0/lto-wrapper
Target: arm-buildroot-linux-gnueabi
Configured with: ./configure --prefix=/opt/toolchains/crosstools-arm-gcc-5.5-linux-4.1-glibc-2.26-binutils-2.28.1 --sysconfdir=/opt/toolchains/crosstools-arm-gcc-5.5-linux-4.1-glibc-2.26-binutils-2.28.1/etc --enable-static --target=arm-buildroot-linux-gnueabi --with-sysroot=/opt/toolchains/crosstools-arm-gcc-5.5-linux-4.1-glibc-2.26-binutils-2.28.1/arm-buildroot-linux-gnueabi/sysroot --disable-__cxa_atexit --with-gnu-ld --disable-libssp --disable-multilib --with-gmp=/opt/toolchains/crosstools-arm-gcc-5.5-linux-4.1-glibc-2.26-binutils-2.28.1 --with-mpc=/opt/toolchains/crosstools-arm-gcc-5.5-linux-4.1-glibc-2.26-binutils-2.28.1 --with-mpfr=/opt/toolchains/crosstools-arm-gcc-5.5-linux-4.1-glibc-2.26-binutils-2.28.1 --with-pkgversion='Buildroot 2017.11.1' --with-bugurl=http://bugs.buildroot.net/ --disable-libquadmath --enable-tls --disable-libmudflap --enable-threads --without-isl --without-cloog --with-float=soft --disable-decimal-float --with-abi=aapcs-linux --with-cpu=cortex-a9 --with-float=soft --with-mode=arm --enable-languages=c,c++ --with-build-time-tools=/opt/toolchains/crosstools-arm-gcc-5.5-linux-4.1-glibc-2.26-binutils-2.28.1/arm-buildroot-linux-gnueabi/bin --enable-shared --disable-libgomp
Thread model: posix
gcc version 5.5.0 (Buildroot 2017.11.1) 
configure:4371: $? = 0
configure:4360: /opt/toolchains/crosstools-arm-gcc-5.5-linux-4.1-glibc-2.26-binutils-2.28.1/usr/bin/arm-buildroot-linux-gnueabi-gcc -V >&5
arm-buildroot-linux-gnueabi-gcc.br_real: error: unrecognized command line option '-V'
arm-buildroot-linux-gnueabi-gcc.br_real: fatal error: no input files
compilation terminated.
configure:4371: $? = 1
configure:4360: /opt/toolchains/crosstools-arm-gcc-5.5-linux-4.1-glibc-2.26-binutils-2.28.1/usr/bin/arm-buildroot-linux-gnueabi-gcc -qversion >&5
arm-buildroot-linux-gnueabi-gcc.br_real: error: unrecognized command line option '-qversion'
arm-buildroot-linux-gnueabi-gcc.br_real: fatal error: no input files
compilation terminated.
configure:4371: $? = 1
configure:4375: checking whether we are using the GNU C compiler
configure:4403: result: yes
configure:4412: checking whether /opt/toolchains/crosstools-arm-gcc-5.5-linux-4.1-glibc-2.26-binutils-2.28.1/usr/bin/arm-buildroot-linux-gnueabi-gcc accepts -g
configure:4473: result: yes
configure:4490: checking for /opt/toolchains/crosstools-arm-gcc-5.5-linux-4.1-glibc-2.26-binutils-2.28.1/usr/bin/arm-buildroot-linux-gnueabi-gcc option to accept ISO C89
configure:4566: result: none needed
configure:4591: checking whether /opt/toolchains/crosstools-arm-gcc-5.5-linux-4.1-glibc-2.26-binutils-2.28.1/usr/bin/arm-buildroot-linux-gnueabi-gcc understands -c and -o together
configure:4628: result: yes
configure:4647: checking dependency style of /opt/toolchains/crosstools-arm-gcc-5.5-linux-4.1-glibc-2.26-binutils-2.28.1/usr/bin/arm-buildroot-linux-gnueabi-gcc
configure:4758: result: none
configure:4776: checking for arm-buildroot-linux-gnueabi-ranlib
configure:4803: result: /opt/toolchains/crosstools-arm-gcc-5.5-linux-4.1-glibc-2.26-binutils-2.28.1/usr/bin/arm-buildroot-linux-gnueabi-ranlib
configure:4894: checking build system type
configure:4908: result: x86_64-pc-linux-gnu
configure:4928: checking host system type
configure:4941: result: arm-buildroot-linux-gnueabi
configure:4982: checking how to print strings
configure:5009: result: printf
configure:5030: checking for a sed that does not truncate output
configure:5094: result: /bin/sed
configure:5112: checking for grep that handles long lines and -e
configure:5170: result: /bin/grep
configure:5175: checking for egrep
configure:5237: result: /bin/grep -E
configure:5242: checking for fgrep
configure:5304: result: /bin/grep -F
configure:5339: checking for ld used by /opt/toolchains/crosstools-arm-gcc-5.5-linux-4.1-glibc-2.26-binutils-2.28.1/usr/bin/arm-buildroot-linux-gnueabi-gcc
configure:5406: result: /opt/toolchains/crosstools-arm-gcc-5.5-linux-4.1-glibc-2.26-binutils-2.28.1/usr/bin/arm-buildroot-linux-gnueabi-ld
configure:5413: checking if the linker (/opt/toolchains/crosstools-arm-gcc-5.5-linux-4.1-glibc-2.26-binutils-2.28.1/usr/bin/arm-buildroot-linux-gnueabi-ld) is GNU ld
configure:5428: result: yes
configure:5440: checking for BSD- or MS-compatible name lister (nm)
configure:5494: result: /opt/toolchains/crosstools-arm-gcc-5.5-linux-4.1-glibc-2.26-binutils-2.28.1/usr/bin/arm-buildroot-linux-gnueabi-nm
configure:5624: checking the name lister (/opt/toolchains/crosstools-arm-gcc-5.5-linux-4.1-glibc-2.26-binutils-2.28.1/usr/bin/arm-buildroot-linux-gnueabi-nm) interface
configure:5631: /opt/toolchains/crosstools-arm-gcc-5.5-linux-4.1-glibc-2.26-binutils-2.28.1/usr/bin/arm-buildroot-linux-gnueabi-gcc -c -Os -march=armv7-a -marm -DHND_ROUTER -DCONFIG_BCMWL5 -D__ARM_ARCH_7A__ -DLINUX_KERNEL_VERSION=262451  -DDEBUG_NOISY -DDEBUG_RCTEST -ffunction-sections -fdata-sections -fPIC  conftest.c >&5
configure:5634: /opt/toolchains/crosstools-arm-gcc-5.5-linux-4.1-glibc-2.26-binutils-2.28.1/usr/bin/arm-buildroot-linux-gnueabi-nm "conftest.o"
configure:5637: output
00000000 B some_variable
configure:5644: result: BSD nm
configure:5647: checking whether ln -s works
configure:5651: result: yes
configure:5659: checking the maximum length of command line arguments
configure:5790: result: 1572864
configure:5838: checking how to convert x86_64-pc-linux-gnu file names to arm-buildroot-linux-gnueabi format
configure:5878: result: func_convert_file_noop
configure:5885: checking how to convert x86_64-pc-linux-gnu file names to toolchain format
configure:5905: result: func_convert_file_noop
configure:5912: checking for /opt/toolchains/crosstools-arm-gcc-5.5-linux-4.1-glibc-2.26-binutils-2.28.1/usr/bin/arm-buildroot-linux-gnueabi-ld option to reload object files
configure:5919: result: -r
configure:5953: checking for arm-buildroot-linux-gnueabi-objdump
configure:5980: result: /opt/toolchains/crosstools-arm-gcc-5.5-linux-4.1-glibc-2.26-binutils-2.28.1/usr/bin/arm-buildroot-linux-gnueabi-objdump
configure:6052: checking how to recognize dependent libraries
configure:6252: result: pass_all
configure:6297: checking for arm-buildroot-linux-gnueabi-dlltool
configure:6327: result: no
configure:6337: checking for dlltool
configure:6367: result: no
configure:6397: checking how to associate runtime and link libraries
configure:6424: result: printf %s\n
configure:6440: checking for arm-buildroot-linux-gnueabi-ar
configure:6467: result: /opt/toolchains/crosstools-arm-gcc-5.5-linux-4.1-glibc-2.26-binutils-2.28.1/usr/bin/arm-buildroot-linux-gnueabi-ar
configure:6548: checking for archiver @FILE support
configure:6565: /opt/toolchains/crosstools-arm-gcc-5.5-linux-4.1-glibc-2.26-binutils-2.28.1/usr/bin/arm-buildroot-linux-gnueabi-gcc -c -Os -march=armv7-a -marm -DHND_ROUTER -DCONFIG_BCMWL5 -D__ARM_ARCH_7A__ -DLINUX_KERNEL_VERSION=262451  -DDEBUG_NOISY -DDEBUG_RCTEST -ffunction-sections -fdata-sections -fPIC  conftest.c >&5
configure:6565: $? = 0
configure:6568: /opt/toolchains/crosstools-arm-gcc-5.5-linux-4.1-glibc-2.26-binutils-2.28.1/usr/bin/arm-buildroot-linux-gnueabi-ar cru libconftest.a @conftest.lst >&5
configure:6571: $? = 0
configure:6576: /opt/toolchains/crosstools-arm-gcc-5.5-linux-4.1-glibc-2.26-binutils-2.28.1/usr/bin/arm-buildroot-linux-gnueabi-ar cru libconftest.a @conftest.lst >&5
/opt/toolchains/crosstools-arm-gcc-5.5-linux-4.1-glibc-2.26-binutils-2.28.1/usr/bin/arm-buildroot-linux-gnueabi-ar: conftest.o: No such file or directory
configure:6579: $? = 1
configure:6591: result: @
configure:6609: checking for arm-buildroot-linux-gnueabi-strip
configure:6636: result: /opt/toolchains/crosstools-arm-gcc-5.5-linux-4.1-glibc-2.26-binutils-2.28.1/usr/bin/arm-buildroot-linux-gnueabi-strip
configure:6708: checking for arm-buildroot-linux-gnueabi-ranlib
configure:6735: result: /opt/toolchains/crosstools-arm-gcc-5.5-linux-4.1-glibc-2.26-binutils-2.28.1/usr/bin/arm-buildroot-linux-gnueabi-ranlib
configure:6877: checking command to parse /opt/toolchains/crosstools-arm-gcc-5.5-linux-4.1-glibc-2.26-binutils-2.28.1/usr/bin/arm-buildroot-linux-gnueabi-nm output from /opt/toolchains/crosstools-arm-gcc-5.5-linux-4.1-glibc-2.26-binutils-2.28.1/usr/bin/arm-buildroot-linux-gnueabi-gcc object
configure:7030: /opt/toolchains/crosstools-arm-gcc-5.5-linux-4.1-glibc-2.26-binutils-2.28.1/usr/bin/arm-buildroot-linux-gnueabi-gcc -c -Os -march=armv7-a -marm -DHND_ROUTER -DCONFIG_BCMWL5 -D__ARM_ARCH_7A__ -DLINUX_KERNEL_VERSION=262451  -DDEBUG_NOISY -DDEBUG_RCTEST -ffunction-sections -fdata-sections -fPIC  conftest.c >&5
configure:7033: $? = 0
configure:7037: /opt/toolchains/crosstools-arm-gcc-5.5-linux-4.1-glibc-2.26-binutils-2.28.1/usr/bin/arm-buildroot-linux-gnueabi-nm conftest.o \| sed -n -e 's/^.*[ ]\([ABCDGIRSTW][ABCDGIRSTW]*\)[ ][ ]*\([_A-Za-z][_A-Za-z0-9]*\)$/\1 \2 \2/p' | sed '/ __gnu_lto/d' \> conftest.nm
configure:7040: $? = 0
configure:7106: /opt/toolchains/crosstools-arm-gcc-5.5-linux-4.1-glibc-2.26-binutils-2.28.1/usr/bin/arm-buildroot-linux-gnueabi-gcc -o conftest -Os -march=armv7-a -marm -DHND_ROUTER -DCONFIG_BCMWL5 -D__ARM_ARCH_7A__ -DLINUX_KERNEL_VERSION=262451  -DDEBUG_NOISY -DDEBUG_RCTEST -ffunction-sections -fdata-sections -fPIC  -ffunction-sections -fdata-sections -Wl,--gc-sections -lpthread -ldl conftest.c conftstm.o >&5
configure:7109: $? = 0
configure:7147: result: ok
configure:7194: checking for sysroot
configure:7224: result: no
configure:7231: checking for a working dd
configure:7269: result: /bin/dd
configure:7273: checking how to truncate binary pipes
configure:7288: result: /bin/dd bs=4096 count=1
configure:7577: checking for arm-buildroot-linux-gnueabi-mt
configure:7607: result: no
configure:7617: checking for mt
configure:7633: found /bin/mt
configure:7644: result: mt
configure:7656: WARNING: using cross tools not prefixed with host triplet
configure:7667: checking if mt is a manifest tool
configure:7673: mt '-?'
configure:7681: result: no
configure:8358: checking how to run the C preprocessor
configure:8428: result: /opt/toolchains/crosstools-arm-gcc-5.5-linux-4.1-glibc-2.26-binutils-2.28.1/usr/bin/arm-buildroot-linux-gnueabi-cpp
configure:8448: /opt/toolchains/crosstools-arm-gcc-5.5-linux-4.1-glibc-2.26-binutils-2.28.1/usr/bin/arm-buildroot-linux-gnueabi-cpp  conftest.c
configure:8448: $? = 0
configure:8462: /opt/toolchains/crosstools-arm-gcc-5.5-linux-4.1-glibc-2.26-binutils-2.28.1/usr/bin/arm-buildroot-linux-gnueabi-cpp  conftest.c
conftest.c:12:28: fatal error: ac_nonexistent.h: No such file or directory
compilation terminated.
configure:8462: $? = 1
configure: failed program was:
| /* confdefs.h */
| #define PACKAGE_NAME "sqlite"
| #define PACKAGE_TARNAME "sqlite"
| #define PACKAGE_VERSION "3.8.3"
| #define PACKAGE_STRING "sqlite 3.8.3"
| #define PACKAGE_BUGREPORT "http://www.sqlite.org"
| #define PACKAGE_URL ""
| #define PACKAGE "sqlite"
| #define VERSION "3.8.3"
| #define _FILE_OFFSET_BITS 64
| /* end confdefs.h.  */
| #include <ac_nonexistent.h>
configure:8491: checking for ANSI C header files
configure:8511: /opt/toolchains/crosstools-arm-gcc-5.5-linux-4.1-glibc-2.26-binutils-2.28.1/usr/bin/arm-buildroot-linux-gnueabi-gcc -c -Os -march=armv7-a -marm -DHND_ROUTER -DCONFIG_BCMWL5 -D__ARM_ARCH_7A__ -DLINUX_KERNEL_VERSION=262451  -DDEBUG_NOISY -DDEBUG_RCTEST -ffunction-sections -fdata-sections -fPIC  conftest.c >&5
configure:8511: $? = 0
configure:8595: result: yes
configure:8608: checking for sys/types.h
configure:8608: /opt/toolchains/crosstools-arm-gcc-5.5-linux-4.1-glibc-2.26-binutils-2.28.1/usr/bin/arm-buildroot-linux-gnueabi-gcc -c -Os -march=armv7-a -marm -DHND_ROUTER -DCONFIG_BCMWL5 -D__ARM_ARCH_7A__ -DLINUX_KERNEL_VERSION=262451  -DDEBUG_NOISY -DDEBUG_RCTEST -ffunction-sections -fdata-sections -fPIC  conftest.c >&5
configure:8608: $? = 0
configure:8608: result: yes
configure:8608: checking for sys/stat.h
configure:8608: /opt/toolchains/crosstools-arm-gcc-5.5-linux-4.1-glibc-2.26-binutils-2.28.1/usr/bin/arm-buildroot-linux-gnueabi-gcc -c -Os -march=armv7-a -marm -DHND_ROUTER -DCONFIG_BCMWL5 -D__ARM_ARCH_7A__ -DLINUX_KERNEL_VERSION=262451  -DDEBUG_NOISY -DDEBUG_RCTEST -ffunction-sections -fdata-sections -fPIC  conftest.c >&5
configure:8608: $? = 0
configure:8608: result: yes
configure:8608: checking for stdlib.h
configure:8608: /opt/toolchains/crosstools-arm-gcc-5.5-linux-4.1-glibc-2.26-binutils-2.28.1/usr/bin/arm-buildroot-linux-gnueabi-gcc -c -Os -march=armv7-a -marm -DHND_ROUTER -DCONFIG_BCMWL5 -D__ARM_ARCH_7A__ -DLINUX_KERNEL_VERSION=262451  -DDEBUG_NOISY -DDEBUG_RCTEST -ffunction-sections -fdata-sections -fPIC  conftest.c >&5
configure:8608: $? = 0
configure:8608: result: yes
configure:8608: checking for string.h
configure:8608: /opt/toolchains/crosstools-arm-gcc-5.5-linux-4.1-glibc-2.26-binutils-2.28.1/usr/bin/arm-buildroot-linux-gnueabi-gcc -c -Os -march=armv7-a -marm -DHND_ROUTER -DCONFIG_BCMWL5 -D__ARM_ARCH_7A__ -DLINUX_KERNEL_VERSION=262451  -DDEBUG_NOISY -DDEBUG_RCTEST -ffunction-sections -fdata-sections -fPIC  conftest.c >&5
configure:8608: $? = 0
configure:8608: result: yes
configure:8608: checking for memory.h
configure:8608: /opt/toolchains/crosstools-arm-gcc-5.5-linux-4.1-glibc-2.26-binutils-2.28.1/usr/bin/arm-buildroot-linux-gnueabi-gcc -c -Os -march=armv7-a -marm -DHND_ROUTER -DCONFIG_BCMWL5 -D__ARM_ARCH_7A__ -DLINUX_KERNEL_VERSION=262451  -DDEBUG_NOISY -DDEBUG_RCTEST -ffunction-sections -fdata-sections -fPIC  conftest.c >&5
configure:8608: $? = 0
configure:8608: result: yes
configure:8608: checking for strings.h
configure:8608: /opt/toolchains/crosstools-arm-gcc-5.5-linux-4.1-glibc-2.26-binutils-2.28.1/usr/bin/arm-buildroot-linux-gnueabi-gcc -c -Os -march=armv7-a -marm -DHND_ROUTER -DCONFIG_BCMWL5 -D__ARM_ARCH_7A__ -DLINUX_KERNEL_VERSION=262451  -DDEBUG_NOISY -DDEBUG_RCTEST -ffunction-sections -fdata-sections -fPIC  conftest.c >&5
configure:8608: $? = 0
configure:8608: result: yes
configure:8608: checking for inttypes.h
configure:8608: /opt/toolchains/crosstools-arm-gcc-5.5-linux-4.1-glibc-2.26-binutils-2.28.1/usr/bin/arm-buildroot-linux-gnueabi-gcc -c -Os -march=armv7-a -marm -DHND_ROUTER -DCONFIG_BCMWL5 -D__ARM_ARCH_7A__ -DLINUX_KERNEL_VERSION=262451  -DDEBUG_NOISY -DDEBUG_RCTEST -ffunction-sections -fdata-sections -fPIC  conftest.c >&5
configure:8608: $? = 0
configure:8608: result: yes
configure:8608: checking for stdint.h
configure:8608: /opt/toolchains/crosstools-arm-gcc-5.5-linux-4.1-glibc-2.26-binutils-2.28.1/usr/bin/arm-buildroot-linux-gnueabi-gcc -c -Os -march=armv7-a -marm -DHND_ROUTER -DCONFIG_BCMWL5 -D__ARM_ARCH_7A__ -DLINUX_KERNEL_VERSION=262451  -DDEBUG_NOISY -DDEBUG_RCTEST -ffunction-sections -fdata-sections -fPIC  conftest.c >&5
configure:8608: $? = 0
configure:8608: result: yes
configure:8608: checking for unistd.h
configure:8608: /opt/toolchains/crosstools-arm-gcc-5.5-linux-4.1-glibc-2.26-binutils-2.28.1/usr/bin/arm-buildroot-linux-gnueabi-gcc -c -Os -march=armv7-a -marm -DHND_ROUTER -DCONFIG_BCMWL5 -D__ARM_ARCH_7A__ -DLINUX_KERNEL_VERSION=262451  -DDEBUG_NOISY -DDEBUG_RCTEST -ffunction-sections -fdata-sections -fPIC  conftest.c >&5
configure:8608: $? = 0
configure:8608: result: yes
configure:8622: checking for dlfcn.h
configure:8622: /opt/toolchains/crosstools-arm-gcc-5.5-linux-4.1-glibc-2.26-binutils-2.28.1/usr/bin/arm-buildroot-linux-gnueabi-gcc -c -Os -march=armv7-a -marm -DHND_ROUTER -DCONFIG_BCMWL5 -D__ARM_ARCH_7A__ -DLINUX_KERNEL_VERSION=262451  -DDEBUG_NOISY -DDEBUG_RCTEST -ffunction-sections -fdata-sections -fPIC  conftest.c >&5
configure:8622: $? = 0
configure:8622: result: yes
configure:8878: checking for objdir
configure:8893: result: .libs
configure:9153: checking if /opt/toolchains/crosstools-arm-gcc-5.5-linux-4.1-glibc-2.26-binutils-2.28.1/usr/bin/arm-buildroot-linux-gnueabi-gcc supports -fno-rtti -fno-exceptions
configure:9171: /opt/toolchains/crosstools-arm-gcc-5.5-linux-4.1-glibc-2.26-binutils-2.28.1/usr/bin/arm-buildroot-linux-gnueabi-gcc -c -Os -march=armv7-a -marm -DHND_ROUTER -DCONFIG_BCMWL5 -D__ARM_ARCH_7A__ -DLINUX_KERNEL_VERSION=262451  -DDEBUG_NOISY -DDEBUG_RCTEST -ffunction-sections -fdata-sections -fPIC  -fno-rtti -fno-exceptions conftest.c >&5
cc1: warning: command line option '-fno-rtti' is valid for C++/ObjC++ but not for C
configure:9175: $? = 0
configure:9188: result: no
configure:9546: checking for /opt/toolchains/crosstools-arm-gcc-5.5-linux-4.1-glibc-2.26-binutils-2.28.1/usr/bin/arm-buildroot-linux-gnueabi-gcc option to produce PIC
configure:9553: result: -fPIC -DPIC
configure:9561: checking if /opt/toolchains/crosstools-arm-gcc-5.5-linux-4.1-glibc-2.26-binutils-2.28.1/usr/bin/arm-buildroot-linux-gnueabi-gcc PIC flag -fPIC -DPIC works
configure:9579: /opt/toolchains/crosstools-arm-gcc-5.5-linux-4.1-glibc-2.26-binutils-2.28.1/usr/bin/arm-buildroot-linux-gnueabi-gcc -c -Os -march=armv7-a -marm -DHND_ROUTER -DCONFIG_BCMWL5 -D__ARM_ARCH_7A__ -DLINUX_KERNEL_VERSION=262451  -DDEBUG_NOISY -DDEBUG_RCTEST -ffunction-sections -fdata-sections -fPIC  -fPIC -DPIC -DPIC conftest.c >&5
configure:9583: $? = 0
configure:9596: result: yes
configure:9625: checking if /opt/toolchains/crosstools-arm-gcc-5.5-linux-4.1-glibc-2.26-binutils-2.28.1/usr/bin/arm-buildroot-linux-gnueabi-gcc static flag -static works
configure:9653: result: yes
configure:9668: checking if /opt/toolchains/crosstools-arm-gcc-5.5-linux-4.1-glibc-2.26-binutils-2.28.1/usr/bin/arm-buildroot-linux-gnueabi-gcc supports -c -o file.o
configure:9689: /opt/toolchains/crosstools-arm-gcc-5.5-linux-4.1-glibc-2.26-binutils-2.28.1/usr/bin/arm-buildroot-linux-gnueabi-gcc -c -Os -march=armv7-a -marm -DHND_ROUTER -DCONFIG_BCMWL5 -D__ARM_ARCH_7A__ -DLINUX_KERNEL_VERSION=262451  -DDEBUG_NOISY -DDEBUG_RCTEST -ffunction-sections -fdata-sections -fPIC  -o out/conftest2.o conftest.c >&5
configure:9693: $? = 0
configure:9715: result: yes
configure:9723: checking if /opt/toolchains/crosstools-arm-gcc-5.5-linux-4.1-glibc-2.26-binutils-2.28.1/usr/bin/arm-buildroot-linux-gnueabi-gcc supports -c -o file.o
configure:9770: result: yes
configure:9803: checking whether the /opt/toolchains/crosstools-arm-gcc-5.5-linux-4.1-glibc-2.26-binutils-2.28.1/usr/bin/arm-buildroot-linux-gnueabi-gcc linker (/opt/toolchains/crosstools-arm-gcc-5.5-linux-4.1-glibc-2.26-binutils-2.28.1/usr/bin/arm-buildroot-linux-gnueabi-ld) supports shared libraries
configure:11066: result: yes
configure:11103: checking whether -lc should be explicitly linked in
configure:11111: /opt/toolchains/crosstools-arm-gcc-5.5-linux-4.1-glibc-2.26-binutils-2.28.1/usr/bin/arm-buildroot-linux-gnueabi-gcc -c -Os -march=armv7-a -marm -DHND_ROUTER -DCONFIG_BCMWL5 -D__ARM_ARCH_7A__ -DLINUX_KERNEL_VERSION=262451  -DDEBUG_NOISY -DDEBUG_RCTEST -ffunction-sections -fdata-sections -fPIC  conftest.c >&5
configure:11114: $? = 0
configure:11129: /opt/toolchains/crosstools-arm-gcc-5.5-linux-4.1-glibc-2.26-binutils-2.28.1/usr/bin/arm-buildroot-linux-gnueabi-gcc -shared  -fPIC -DPIC conftest.o  -v -Wl,-soname -Wl,conftest -o conftest 2\>\&1 \| /bin/grep  -lc  \>/dev/null 2\>\&1
configure:11132: $? = 0
configure:11146: result: no
configure:11306: checking dynamic linker characteristics
configure:11887: /opt/toolchains/crosstools-arm-gcc-5.5-linux-4.1-glibc-2.26-binutils-2.28.1/usr/bin/arm-buildroot-linux-gnueabi-gcc -o conftest -Os -march=armv7-a -marm -DHND_ROUTER -DCONFIG_BCMWL5 -D__ARM_ARCH_7A__ -DLINUX_KERNEL_VERSION=262451  -DDEBUG_NOISY -DDEBUG_RCTEST -ffunction-sections -fdata-sections -fPIC  -ffunction-sections -fdata-sections -Wl,--gc-sections -lpthread -ldl -Wl,-rpath -Wl,/foo conftest.c  >&5
configure:11887: $? = 0
configure:12136: result: GNU/Linux ld.so
configure:12258: checking how to hardcode library paths into programs
configure:12283: result: immediate
configure:12831: checking whether stripping libraries is possible
configure:12836: result: yes
configure:12871: checking if libtool supports shared libraries
configure:12873: result: yes
configure:12876: checking whether to build shared libraries
configure:12901: result: yes
configure:12904: checking whether to build static libraries
configure:12908: result: yes
configure:12951: checking for fdatasync
configure:12951: /opt/toolchains/crosstools-arm-gcc-5.5-linux-4.1-glibc-2.26-binutils-2.28.1/usr/bin/arm-buildroot-linux-gnueabi-gcc -o conftest -Os -march=armv7-a -marm -DHND_ROUTER -DCONFIG_BCMWL5 -D__ARM_ARCH_7A__ -DLINUX_KERNEL_VERSION=262451  -DDEBUG_NOISY -DDEBUG_RCTEST -ffunction-sections -fdata-sections -fPIC  -ffunction-sections -fdata-sections -Wl,--gc-sections -lpthread -ldl conftest.c  >&5
configure:12951: $? = 0
configure:12951: result: yes
configure:12951: checking for usleep
configure:12951: /opt/toolchains/crosstools-arm-gcc-5.5-linux-4.1-glibc-2.26-binutils-2.28.1/usr/bin/arm-buildroot-linux-gnueabi-gcc -o conftest -Os -march=armv7-a -marm -DHND_ROUTER -DCONFIG_BCMWL5 -D__ARM_ARCH_7A__ -DLINUX_KERNEL_VERSION=262451  -DDEBUG_NOISY -DDEBUG_RCTEST -ffunction-sections -fdata-sections -fPIC  -ffunction-sections -fdata-sections -Wl,--gc-sections -lpthread -ldl conftest.c  >&5
configure:12951: $? = 0
configure:12951: result: yes
configure:12951: checking for fullfsync
configure:12951: /opt/toolchains/crosstools-arm-gcc-5.5-linux-4.1-glibc-2.26-binutils-2.28.1/usr/bin/arm-buildroot-linux-gnueabi-gcc -o conftest -Os -march=armv7-a -marm -DHND_ROUTER -DCONFIG_BCMWL5 -D__ARM_ARCH_7A__ -DLINUX_KERNEL_VERSION=262451  -DDEBUG_NOISY -DDEBUG_RCTEST -ffunction-sections -fdata-sections -fPIC  -ffunction-sections -fdata-sections -Wl,--gc-sections -lpthread -ldl conftest.c  >&5
/tmp/ccs4ldoM.o: In function `main':
conftest.c:(.text.startup.main+0x4): undefined reference to `fullfsync'
collect2: error: ld returned 1 exit status
configure:12951: $? = 1
configure: failed program was:
| /* confdefs.h */
| #define PACKAGE_NAME "sqlite"
| #define PACKAGE_TARNAME "sqlite"
| #define PACKAGE_VERSION "3.8.3"
| #define PACKAGE_STRING "sqlite 3.8.3"
| #define PACKAGE_BUGREPORT "http://www.sqlite.org"
| #define PACKAGE_URL ""
| #define PACKAGE "sqlite"
| #define VERSION "3.8.3"
| #define _FILE_OFFSET_BITS 64
| #define STDC_HEADERS 1
| #define HAVE_SYS_TYPES_H 1
| #define HAVE_SYS_STAT_H 1
| #define HAVE_STDLIB_H 1
| #define HAVE_STRING_H 1
| #define HAVE_MEMORY_H 1
| #define HAVE_STRINGS_H 1
| #define HAVE_INTTYPES_H 1
| #define HAVE_STDINT_H 1
| #define HAVE_UNISTD_H 1
| #define HAVE_DLFCN_H 1
| #define LT_OBJDIR ".libs/"
| #define HAVE_FDATASYNC 1
| #define HAVE_USLEEP 1
| /* end confdefs.h.  */
| /* Define fullfsync to an innocuous variant, in case <limits.h> declares fullfsync.
|    For example, HP-UX 11i <limits.h> declares gettimeofday.  */
| #define fullfsync innocuous_fullfsync
| 
| /* System header to define __stub macros and hopefully few prototypes,
|     which can conflict with char fullfsync (); below.
|     Prefer <limits.h> to <assert.h> if __STDC__ is defined, since
|     <limits.h> exists even on freestanding compilers.  */
| 
| #ifdef __STDC__
| # include <limits.h>
| #else
| # include <assert.h>
| #endif
| 
| #undef fullfsync
| 
| /* Override any GCC internal prototype to avoid an error.
|    Use char because int might match the return type of a GCC
|    builtin and then its argument prototype would still apply.  */
| #ifdef __cplusplus
| extern "C"
| #endif
| char fullfsync ();
| /* The GNU C library defines this for functions which it implements
|     to always fail with ENOSYS.  Some functions are actually named
|     something starting with __ and the normal name is an alias.  */
| #if defined __stub_fullfsync || defined __stub___fullfsync
| choke me
| #endif
| 
| int
| main ()
| {
| return fullfsync ();
|   ;
|   return 0;
| }
configure:12951: result: no
configure:12951: checking for localtime_r
configure:12951: /opt/toolchains/crosstools-arm-gcc-5.5-linux-4.1-glibc-2.26-binutils-2.28.1/usr/bin/arm-buildroot-linux-gnueabi-gcc -o conftest -Os -march=armv7-a -marm -DHND_ROUTER -DCONFIG_BCMWL5 -D__ARM_ARCH_7A__ -DLINUX_KERNEL_VERSION=262451  -DDEBUG_NOISY -DDEBUG_RCTEST -ffunction-sections -fdata-sections -fPIC  -ffunction-sections -fdata-sections -Wl,--gc-sections -lpthread -ldl conftest.c  >&5
configure:12951: $? = 0
configure:12951: result: yes
configure:12951: checking for gmtime_r
configure:12951: /opt/toolchains/crosstools-arm-gcc-5.5-linux-4.1-glibc-2.26-binutils-2.28.1/usr/bin/arm-buildroot-linux-gnueabi-gcc -o conftest -Os -march=armv7-a -marm -DHND_ROUTER -DCONFIG_BCMWL5 -D__ARM_ARCH_7A__ -DLINUX_KERNEL_VERSION=262451  -DDEBUG_NOISY -DDEBUG_RCTEST -ffunction-sections -fdata-sections -fPIC  -ffunction-sections -fdata-sections -Wl,--gc-sections -lpthread -ldl conftest.c  >&5
configure:12951: $? = 0
configure:12951: result: yes
configure:12960: checking whether strerror_r is declared
configure:12960: /opt/toolchains/crosstools-arm-gcc-5.5-linux-4.1-glibc-2.26-binutils-2.28.1/usr/bin/arm-buildroot-linux-gnueabi-gcc -c -Os -march=armv7-a -marm -DHND_ROUTER -DCONFIG_BCMWL5 -D__ARM_ARCH_7A__ -DLINUX_KERNEL_VERSION=262451  -DDEBUG_NOISY -DDEBUG_RCTEST -ffunction-sections -fdata-sections -fPIC  conftest.c >&5
configure:12960: $? = 0
configure:12960: result: yes
configure:12973: checking for strerror_r
configure:12973: /opt/toolchains/crosstools-arm-gcc-5.5-linux-4.1-glibc-2.26-binutils-2.28.1/usr/bin/arm-buildroot-linux-gnueabi-gcc -o conftest -Os -march=armv7-a -marm -DHND_ROUTER -DCONFIG_BCMWL5 -D__ARM_ARCH_7A__ -DLINUX_KERNEL_VERSION=262451  -DDEBUG_NOISY -DDEBUG_RCTEST -ffunction-sections -fdata-sections -fPIC  -ffunction-sections -fdata-sections -Wl,--gc-sections -lpthread -ldl conftest.c  >&5
configure:12973: $? = 0
configure:12973: result: yes
configure:12982: checking whether strerror_r returns char *
configure:13006: /opt/toolchains/crosstools-arm-gcc-5.5-linux-4.1-glibc-2.26-binutils-2.28.1/usr/bin/arm-buildroot-linux-gnueabi-gcc -c -Os -march=armv7-a -marm -DHND_ROUTER -DCONFIG_BCMWL5 -D__ARM_ARCH_7A__ -DLINUX_KERNEL_VERSION=262451  -DDEBUG_NOISY -DDEBUG_RCTEST -ffunction-sections -fdata-sections -fPIC  conftest.c >&5
conftest.c: In function 'main':
conftest.c:68:13: error: invalid type argument of unary '*' (have 'int')
    char x = *strerror_r (0, buf, sizeof buf);
             ^
conftest.c:69:14: warning: initialization makes pointer from integer without a cast [-Wint-conversion]
    char *p = strerror_r (0, buf, sizeof buf);
              ^
configure:13006: $? = 1
configure: failed program was:
| /* confdefs.h */
| #define PACKAGE_NAME "sqlite"
| #define PACKAGE_TARNAME "sqlite"
| #define PACKAGE_VERSION "3.8.3"
| #define PACKAGE_STRING "sqlite 3.8.3"
| #define PACKAGE_BUGREPORT "http://www.sqlite.org"
| #define PACKAGE_URL ""
| #define PACKAGE "sqlite"
| #define VERSION "3.8.3"
| #define _FILE_OFFSET_BITS 64
| #define STDC_HEADERS 1
| #define HAVE_SYS_TYPES_H 1
| #define HAVE_SYS_STAT_H 1
| #define HAVE_STDLIB_H 1
| #define HAVE_STRING_H 1
| #define HAVE_MEMORY_H 1
| #define HAVE_STRINGS_H 1
| #define HAVE_INTTYPES_H 1
| #define HAVE_STDINT_H 1
| #define HAVE_UNISTD_H 1
| #define HAVE_DLFCN_H 1
| #define LT_OBJDIR ".libs/"
| #define HAVE_FDATASYNC 1
| #define HAVE_USLEEP 1
| #define HAVE_LOCALTIME_R 1
| #define HAVE_GMTIME_R 1
| #define HAVE_DECL_STRERROR_R 1
| #define HAVE_STRERROR_R 1
| /* end confdefs.h.  */
| #include <stdio.h>
| #ifdef HAVE_SYS_TYPES_H
| # include <sys/types.h>
| #endif
| #ifdef HAVE_SYS_STAT_H
| # include <sys/stat.h>
| #endif
| #ifdef STDC_HEADERS
| # include <stdlib.h>
| # include <stddef.h>
| #else
| # ifdef HAVE_STDLIB_H
| #  include <stdlib.h>
| # endif
| #endif
| #ifdef HAVE_STRING_H
| # if !defined STDC_HEADERS && defined HAVE_MEMORY_H
| #  include <memory.h>
| # endif
| # include <string.h>
| #endif
| #ifdef HAVE_STRINGS_H
| # include <strings.h>
| #endif
| #ifdef HAVE_INTTYPES_H
| # include <inttypes.h>
| #endif
| #ifdef HAVE_STDINT_H
| # include <stdint.h>
| #endif
| #ifdef HAVE_UNISTD_H
| # include <unistd.h>
| #endif
| int
| main ()
| {
| 
| 	  char buf[100];
| 	  char x = *strerror_r (0, buf, sizeof buf);
| 	  char *p = strerror_r (0, buf, sizeof buf);
| 	  return !p || x;
| 
|   ;
|   return 0;
| }
configure:13044: result: no
configure:13214: checking for library containing pthread_create
configure:13245: /opt/toolchains/crosstools-arm-gcc-5.5-linux-4.1-glibc-2.26-binutils-2.28.1/usr/bin/arm-buildroot-linux-gnueabi-gcc -o conftest -Os -march=armv7-a -marm -DHND_ROUTER -DCONFIG_BCMWL5 -D__ARM_ARCH_7A__ -DLINUX_KERNEL_VERSION=262451  -DDEBUG_NOISY -DDEBUG_RCTEST -ffunction-sections -fdata-sections -fPIC  -ffunction-sections -fdata-sections -Wl,--gc-sections -lpthread -ldl conftest.c  >&5
configure:13245: $? = 0
configure:13262: result: none required
configure:13344: checking for whether to support dynamic extensions
configure:13346: result: no
configure:13353: checking for posix_fallocate
configure:13353: /opt/toolchains/crosstools-arm-gcc-5.5-linux-4.1-glibc-2.26-binutils-2.28.1/usr/bin/arm-buildroot-linux-gnueabi-gcc -o conftest -Os -march=armv7-a -marm -DHND_ROUTER -DCONFIG_BCMWL5 -D__ARM_ARCH_7A__ -DLINUX_KERNEL_VERSION=262451  -DDEBUG_NOISY -DDEBUG_RCTEST -ffunction-sections -fdata-sections -fPIC  -ffunction-sections -fdata-sections -Wl,--gc-sections -lpthread -ldl conftest.c  >&5
configure:13353: $? = 0
configure:13353: result: yes
configure:13533: checking that generated files are newer than configure
configure:13539: result: done
configure:13566: creating ./config.status

## ---------------- ##
## Cache variables. ##
## ---------------- ##

ac_cv_build=x86_64-pc-linux-gnu
ac_cv_c_compiler_gnu=yes
ac_cv_env_CC_set=set
ac_cv_env_CC_value=/opt/toolchains/crosstools-arm-gcc-5.5-linux-4.1-glibc-2.26-binutils-2.28.1/usr/bin/arm-buildroot-linux-gnueabi-gcc
ac_cv_env_CFLAGS_set=set
ac_cv_env_CFLAGS_value='-Os -march=armv7-a -marm -DHND_ROUTER -DCONFIG_BCMWL5 -D__ARM_ARCH_7A__ -DLINUX_KERNEL_VERSION=262451  -DDEBUG_NOISY -DDEBUG_RCTEST -ffunction-sections -fdata-sections -fPIC'
ac_cv_env_CPPFLAGS_set=
ac_cv_env_CPPFLAGS_value=
ac_cv_env_CPP_set=set
ac_cv_env_CPP_value=/opt/toolchains/crosstools-arm-gcc-5.5-linux-4.1-glibc-2.26-binutils-2.28.1/usr/bin/arm-buildroot-linux-gnueabi-cpp
ac_cv_env_LDFLAGS_set=set
ac_cv_env_LDFLAGS_value='-ffunction-sections -fdata-sections -Wl,--gc-sections -lpthread -ldl'
ac_cv_env_LIBS_set=
ac_cv_env_LIBS_value=
ac_cv_env_LT_SYS_LIBRARY_PATH_set=
ac_cv_env_LT_SYS_LIBRARY_PATH_value=
ac_cv_env_build_alias_set=
ac_cv_env_build_alias_value=
ac_cv_env_host_alias_set=set
ac_cv_env_host_alias_value=arm-buildroot-linux-gnueabi
ac_cv_env_target_alias_set=
ac_cv_env_target_alias_value=
ac_cv_func_fdatasync=yes
ac_cv_func_fullfsync=no
ac_cv_func_gmtime_r=yes
ac_cv_func_localtime_r=yes
ac_cv_func_posix_fallocate=yes
ac_cv_func_strerror_r=yes
ac_cv_func_strerror_r_char_p=no
ac_cv_func_usleep=yes
ac_cv_have_decl_strerror_r=yes
ac_cv_header_dlfcn_h=yes
ac_cv_header_inttypes_h=yes
ac_cv_header_memory_h=yes
ac_cv_header_stdc=yes
ac_cv_header_stdint_h=yes
ac_cv_header_stdlib_h=yes
ac_cv_header_string_h=yes
ac_cv_header_strings_h=yes
ac_cv_header_sys_stat_h=yes
ac_cv_header_sys_types_h=yes
ac_cv_header_unistd_h=yes
ac_cv_host=arm-buildroot-linux-gnueabi
ac_cv_objext=o
ac_cv_path_EGREP='/bin/grep -E'
ac_cv_path_FGREP='/bin/grep -F'
ac_cv_path_GREP=/bin/grep
ac_cv_path_SED=/bin/sed
ac_cv_path_install='/usr/bin/install -c'
ac_cv_path_lt_DD=/bin/dd
ac_cv_path_mkdir=/bin/mkdir
ac_cv_prog_AR=/opt/toolchains/crosstools-arm-gcc-5.5-linux-4.1-glibc-2.26-binutils-2.28.1/usr/bin/arm-buildroot-linux-gnueabi-ar
ac_cv_prog_AWK=gawk
ac_cv_prog_CC=/opt/toolchains/crosstools-arm-gcc-5.5-linux-4.1-glibc-2.26-binutils-2.28.1/usr/bin/arm-buildroot-linux-gnueabi-gcc
ac_cv_prog_CPP=/opt/toolchains/crosstools-arm-gcc-5.5-linux-4.1-glibc-2.26-binutils-2.28.1/usr/bin/arm-buildroot-linux-gnueabi-cpp
ac_cv_prog_OBJDUMP=/opt/toolchains/crosstools-arm-gcc-5.5-linux-4.1-glibc-2.26-binutils-2.28.1/usr/bin/arm-buildroot-linux-gnueabi-objdump
ac_cv_prog_RANLIB=/opt/toolchains/crosstools-arm-gcc-5.5-linux-4.1-glibc-2.26-binutils-2.28.1/usr/bin/arm-buildroot-linux-gnueabi-ranlib
ac_cv_prog_STRIP=/opt/toolchains/crosstools-arm-gcc-5.5-linux-4.1-glibc-2.26-binutils-2.28.1/usr/bin/arm-buildroot-linux-gnueabi-strip
ac_cv_prog_ac_ct_MANIFEST_TOOL=mt
ac_cv_prog_cc_c89=
ac_cv_prog_cc_g=yes
ac_cv_prog_make_make_set=yes
ac_cv_search_pthread_create='none required'
ac_cv_sys_file_offset_bits=64
ac_cv_sys_largefile_CC=no
am_cv_CC_dependencies_compiler_type=none
am_cv_make_support_nested_variables=yes
am_cv_prog_cc_c_o=yes
lt_cv_ar_at_file=@
lt_cv_archive_cmds_need_lc=no
lt_cv_deplibs_check_method=pass_all
lt_cv_file_magic_cmd='$MAGIC_CMD'
lt_cv_file_magic_test_file=
lt_cv_ld_reload_flag=-r
lt_cv_nm_interface='BSD nm'
lt_cv_objdir=.libs
lt_cv_path_LD=/opt/toolchains/crosstools-arm-gcc-5.5-linux-4.1-glibc-2.26-binutils-2.28.1/usr/bin/arm-buildroot-linux-gnueabi-ld
lt_cv_path_NM=/opt/toolchains/crosstools-arm-gcc-5.5-linux-4.1-glibc-2.26-binutils-2.28.1/usr/bin/arm-buildroot-linux-gnueabi-nm
lt_cv_path_mainfest_tool=no
lt_cv_prog_compiler_c_o=yes
lt_cv_prog_compiler_pic='-fPIC -DPIC'
lt_cv_prog_compiler_pic_works=yes
lt_cv_prog_compiler_rtti_exceptions=no
lt_cv_prog_compiler_static_works=yes
lt_cv_prog_gnu_ld=yes
lt_cv_sharedlib_from_linklib_cmd='printf %s\n'
lt_cv_shlibpath_overrides_runpath=no
lt_cv_sys_global_symbol_pipe='sed -n -e '\''s/^.*[	 ]\([ABCDGIRSTW][ABCDGIRSTW]*\)[	 ][	 ]*\([_A-Za-z][_A-Za-z0-9]*\)$/\1 \2 \2/p'\'' | sed '\''/ __gnu_lto/d'\'''
lt_cv_sys_global_symbol_to_c_name_address='sed -n -e '\''s/^: \(.*\) .*$/  {"\1", (void *) 0},/p'\'' -e '\''s/^[ABCDGIRSTW][ABCDGIRSTW]* .* \(.*\)$/  {"\1", (void *) \&\1},/p'\'''
lt_cv_sys_global_symbol_to_c_name_address_lib_prefix='sed -n -e '\''s/^: \(.*\) .*$/  {"\1", (void *) 0},/p'\'' -e '\''s/^[ABCDGIRSTW][ABCDGIRSTW]* .* \(lib.*\)$/  {"\1", (void *) \&\1},/p'\'' -e '\''s/^[ABCDGIRSTW][ABCDGIRSTW]* .* \(.*\)$/  {"lib\1", (void *) \&\1},/p'\'''
lt_cv_sys_global_symbol_to_cdecl='sed -n -e '\''s/^T .* \(.*\)$/extern int \1();/p'\'' -e '\''s/^[ABCDGIRSTW][ABCDGIRSTW]* .* \(.*\)$/extern char \1;/p'\'''
lt_cv_sys_global_symbol_to_import=
lt_cv_sys_max_cmd_len=1572864
lt_cv_to_host_file_cmd=func_convert_file_noop
lt_cv_to_tool_file_cmd=func_convert_file_noop
lt_cv_truncate_bin='/bin/dd bs=4096 count=1'

## ----------------- ##
## Output variables. ##
## ----------------- ##

ACLOCAL='${SHELL} /home/merlin/amng-ax-build/release/src-rt-5.02axhnd/bcmdrivers/broadcom/net/wl/impl51/main/components/opensource/sqlite3/missing aclocal-1.15'
AMDEPBACKSLASH=''
AMDEP_FALSE=''
AMDEP_TRUE='#'
AMTAR='$${TAR-tar}'
AM_BACKSLASH='\'
AM_DEFAULT_V='$(AM_DEFAULT_VERBOSITY)'
AM_DEFAULT_VERBOSITY='1'
AM_V='$(V)'
AR='/opt/toolchains/crosstools-arm-gcc-5.5-linux-4.1-glibc-2.26-binutils-2.28.1/usr/bin/arm-buildroot-linux-gnueabi-ar'
AUTOCONF='${SHELL} /home/merlin/amng-ax-build/release/src-rt-5.02axhnd/bcmdrivers/broadcom/net/wl/impl51/main/components/opensource/sqlite3/missing autoconf'
AUTOHEADER='${SHELL} /home/merlin/amng-ax-build/release/src-rt-5.02axhnd/bcmdrivers/broadcom/net/wl/impl51/main/components/opensource/sqlite3/missing autoheader'
AUTOMAKE='${SHELL} /home/merlin/amng-ax-build/release/src-rt-5.02axhnd/bcmdrivers/broadcom/net/wl/impl51/main/components/opensource/sqlite3/missing automake-1.15'
AWK='gawk'
BUILD_CFLAGS=''
CC='/opt/toolchains/crosstools-arm-gcc-5.5-linux-4.1-glibc-2.26-binutils-2.28.1/usr/bin/arm-buildroot-linux-gnueabi-gcc'
CCDEPMODE='depmode=none'
CFLAGS='-Os -march=armv7-a -marm -DHND_ROUTER -DCONFIG_BCMWL5 -D__ARM_ARCH_7A__ -DLINUX_KERNEL_VERSION=262451  -DDEBUG_NOISY -DDEBUG_RCTEST -ffunction-sections -fdata-sections -fPIC'
CPP='/opt/toolchains/crosstools-arm-gcc-5.5-linux-4.1-glibc-2.26-binutils-2.28.1/usr/bin/arm-buildroot-linux-gnueabi-cpp'
CPPFLAGS=''
CYGPATH_W='echo'
DEFS='-DPACKAGE_NAME=\"sqlite\" -DPACKAGE_TARNAME=\"sqlite\" -DPACKAGE_VERSION=\"3.8.3\" -DPACKAGE_STRING=\"sqlite\ 3.8.3\" -DPACKAGE_BUGREPORT=\"http://www.sqlite.org\" -DPACKAGE_URL=\"\" -DPACKAGE=\"sqlite\" -DVERSION=\"3.8.3\" -D_FILE_OFFSET_BITS=64 -DSTDC_HEADERS=1 -DHAVE_SYS_TYPES_H=1 -DHAVE_SYS_STAT_H=1 -DHAVE_STDLIB_H=1 -DHAVE_STRING_H=1 -DHAVE_MEMORY_H=1 -DHAVE_STRINGS_H=1 -DHAVE_INTTYPES_H=1 -DHAVE_STDINT_H=1 -DHAVE_UNISTD_H=1 -DHAVE_DLFCN_H=1 -DLT_OBJDIR=\".libs/\" -DHAVE_FDATASYNC=1 -DHAVE_USLEEP=1 -DHAVE_LOCALTIME_R=1 -DHAVE_GMTIME_R=1 -DHAVE_DECL_STRERROR_R=1 -DHAVE_STRERROR_R=1 -DHAVE_POSIX_FALLOCATE=1'
DEPDIR='.deps'
DLLTOOL='false'
DSYMUTIL=''
DUMPBIN=''
DYNAMIC_EXTENSION_FLAGS='-DSQLITE_OMIT_LOAD_EXTENSION=1'
ECHO_C=''
ECHO_N='-n'
ECHO_T=''
EGREP='/bin/grep -E'
EXEEXT=''
FGREP='/bin/grep -F'
GREP='/bin/grep'
INSTALL_DATA='${INSTALL} -m 644'
INSTALL_PROGRAM='${INSTALL}'
INSTALL_SCRIPT='${INSTALL}'
INSTALL_STRIP_PROGRAM='$(install_sh) -c -s'
LD='/opt/toolchains/crosstools-arm-gcc-5.5-linux-4.1-glibc-2.26-binutils-2.28.1/usr/bin/arm-buildroot-linux-gnueabi-ld'
LDFLAGS='-ffunction-sections -fdata-sections -Wl,--gc-sections -lpthread -ldl'
LIBOBJS=''
LIBS=''
LIBTOOL='$(SHELL) $(top_builddir)/libtool'
LIPO=''
LN_S='ln -s'
LTLIBOBJS=''
LT_SYS_LIBRARY_PATH=''
MAKEINFO='${SHELL} /home/merlin/amng-ax-build/release/src-rt-5.02axhnd/bcmdrivers/broadcom/net/wl/impl51/main/components/opensource/sqlite3/missing makeinfo'
MANIFEST_TOOL=':'
MKDIR_P='/bin/mkdir -p'
NM='/opt/toolchains/crosstools-arm-gcc-5.5-linux-4.1-glibc-2.26-binutils-2.28.1/usr/bin/arm-buildroot-linux-gnueabi-nm'
NMEDIT=''
OBJDUMP='/opt/toolchains/crosstools-arm-gcc-5.5-linux-4.1-glibc-2.26-binutils-2.28.1/usr/bin/arm-buildroot-linux-gnueabi-objdump'
OBJEXT='o'
OTOOL64=''
OTOOL=''
PACKAGE='sqlite'
PACKAGE_BUGREPORT='http://www.sqlite.org'
PACKAGE_NAME='sqlite'
PACKAGE_STRING='sqlite 3.8.3'
PACKAGE_TARNAME='sqlite'
PACKAGE_URL=''
PACKAGE_VERSION='3.8.3'
PATH_SEPARATOR=':'
RANLIB='/opt/toolchains/crosstools-arm-gcc-5.5-linux-4.1-glibc-2.26-binutils-2.28.1/usr/bin/arm-buildroot-linux-gnueabi-ranlib'
READLINE_LIBS=''
SED='/bin/sed'
SET_MAKE=''
SHELL='/bin/sh'
STRIP='/opt/toolchains/crosstools-arm-gcc-5.5-linux-4.1-glibc-2.26-binutils-2.28.1/usr/bin/arm-buildroot-linux-gnueabi-strip'
THREADSAFE_FLAGS='-D_REENTRANT=1 -DSQLITE_THREADSAFE=1'
VERSION='3.8.3'
ac_ct_AR=''
ac_ct_CC=''
ac_ct_DUMPBIN=''
am__EXEEXT_FALSE=''
am__EXEEXT_TRUE='#'
am__fastdepCC_FALSE=''
am__fastdepCC_TRUE='#'
am__include='include'
am__isrc=''
am__leading_dot='.'
am__nodep=''
am__quote=''
am__tar='$${TAR-tar} chof - "$$tardir"'
am__untar='$${TAR-tar} xf -'
bindir='${exec_prefix}/bin'
build='x86_64-pc-linux-gnu'
build_alias=''
build_cpu='x86_64'
build_os='linux-gnu'
build_vendor='pc'
datadir='${datarootdir}'
datarootdir='${prefix}/share'
docdir='${datarootdir}/doc/${PACKAGE_TARNAME}'
dvidir='${docdir}'
exec_prefix='${prefix}'
host='arm-buildroot-linux-gnueabi'
host_alias='arm-buildroot-linux-gnueabi'
host_cpu='arm'
host_os='linux-gnueabi'
host_vendor='buildroot'
htmldir='${docdir}'
includedir='${prefix}/include'
infodir='${datarootdir}/info'
install_sh='${SHELL} /home/merlin/amng-ax-build/release/src-rt-5.02axhnd/bcmdrivers/broadcom/net/wl/impl51/main/components/opensource/sqlite3/install-sh'
libdir='${exec_prefix}/lib'
libexecdir='${exec_prefix}/libexec'
localedir='${datarootdir}/locale'
localstatedir='${prefix}/var'
mandir='${datarootdir}/man'
mkdir_p='$(MKDIR_P)'
oldincludedir='/usr/include'
pdfdir='${docdir}'
prefix='/usr'
program_transform_name='s,x,x,'
psdir='${docdir}'
runstatedir='${localstatedir}/run'
sbindir='${exec_prefix}/sbin'
sharedstatedir='${prefix}/com'
sysconfdir='${prefix}/etc'
target_alias=''

## ----------- ##
## confdefs.h. ##
## ----------- ##

/* confdefs.h */
#define PACKAGE_NAME "sqlite"
#define PACKAGE_TARNAME "sqlite"
#define PACKAGE_VERSION "3.8.3"
#define PACKAGE_STRING "sqlite 3.8.3"
#define PACKAGE_BUGREPORT "http://www.sqlite.org"
#define PACKAGE_URL ""
#define PACKAGE "sqlite"
#define VERSION "3.8.3"
#define _FILE_OFFSET_BITS 64
#define STDC_HEADERS 1
#define HAVE_SYS_TYPES_H 1
#define HAVE_SYS_STAT_H 1
#define HAVE_STDLIB_H 1
#define HAVE_STRING_H 1
#define HAVE_MEMORY_H 1
#define HAVE_STRINGS_H 1
#define HAVE_INTTYPES_H 1
#define HAVE_STDINT_H 1
#define HAVE_UNISTD_H 1
#define HAVE_DLFCN_H 1
#define LT_OBJDIR ".libs/"
#define HAVE_FDATASYNC 1
#define HAVE_USLEEP 1
#define HAVE_LOCALTIME_R 1
#define HAVE_GMTIME_R 1
#define HAVE_DECL_STRERROR_R 1
#define HAVE_STRERROR_R 1
#define HAVE_POSIX_FALLOCATE 1

configure: exit 0

## ---------------------- ##
## Running config.status. ##
## ---------------------- ##

This file was extended by sqlite config.status 3.8.3, which was
generated by GNU Autoconf 2.69.  Invocation command line was

  CONFIG_FILES    = 
  CONFIG_HEADERS  = 
  CONFIG_LINKS    = 
  CONFIG_COMMANDS = 
  $ ./config.status 

on ubuntu-dev

config.status:1016: creating Makefile
config.status:1016: creating sqlite3.pc
config.status:1188: executing depfiles commands
config.status:1188: executing libtool commands
