Entity: line 1: parser error : Space required after '<!ENTITY'
%zz;
    ^
Entity: line 1: 
<!ENTITY<?xDOCTYPEm~?>
        ^
Entity: line 1: parser error : xmlParseEntityDecl: no name
%zz;
    ^
Entity: line 1: 
<!ENTITY<?xDOCTYPEm~?>
        ^
Entity: line 1: parser error : ParsePI: PI xDOCTYPEm space expected
%zz;
    ^
Entity: line 1: 
<!ENTITY<?xDOCTYPEm~?>
                   ^
./test/errors/759573-2.xml:6: parser error : internal error: xmlParseInternalSubset: error detected in Markup declaration

%xx;ÿggKENSMYNT&#35;MENTD&#372zz;'>
    ^
Entity: line 2: 
<![INCLUDE[
^
./test/errors/759573-2.xml:6: parser error : internal error: xmlParseInternalSubset: error detected in Markup declaration

%xx;ÿggKENSMYNT&#35;MENTD&#372zz;'>
    ^
./test/errors/759573-2.xml:6: parser error : DOCTYPE improperly terminated
%xx;ÿggKENSMYNT&#35;MENTD&#372zz;'>
    ^
./test/errors/759573-2.xml:6: parser error : Start tag expected, '<' not found
%xx;ÿggKENSMYNT&#35;MENTD&#372zz;'>
    ^
